<?xml version="1.0" encoding="utf-8"?><testsuites name="pytest tests"><testsuite name="pytest" errors="0" failures="2" skipped="2" tests="11" time="27.151" timestamp="2025-12-05T11:31:08.493712-06:00" hostname="DESKTOP-CJV735V"><testcase classname="test_api_projects" name="test_project_validation_requires_name" time="0.012"><skipped type="pytest.xfail" message="Backend currently allows empty project names (returns 200)." /></testcase><testcase classname="test_ingestion_e2e" name="test_basic_ingestion_happy_path" time="9.427" /><testcase classname="test_search" name="test_search_requires_existing_project" time="0.298" /><testcase classname="test_api_chat_routing" name="test_chat_conversation_reuse" time="3.520"><failure message="AttributeError: 'dict' object has no attribute 'find'">client = &lt;starlette.testclient.TestClient object at 0x000001927CE2B1A0&gt;
project = {'description': 'QA autogenerated project', 'id': 18, 'instruction_text': None, 'instruction_updated_at': None, ...}

    def test_chat_conversation_reuse(client, project):
        """C-Chat-04: Subsequent calls reuse conversation_id."""
&gt;       first = client.post(
            "/chat",
            json={"project_id": project["id"], "message": "first", "mode": "auto"},
        ).json()

C:\InfinityWindow_QA\qa\tests_api\test_api_chat_routing.py:31: 
_ _ _ _ _ _ _ _ _ _ _ _ _ _ _ _ _ _ _ _ _ _ _ _ _ _ _ _ _ _ _ _ _ _ _ _ _ _ _ _
C:\InfinityWindow_QA\.venv\Lib\site-packages\starlette\testclient.py:546: in post
    return super().post(
C:\InfinityWindow_QA\.venv\Lib\site-packages\httpx\_client.py:1144: in post
    return self.request(
C:\InfinityWindow_QA\.venv\Lib\site-packages\starlette\testclient.py:445: in request
    return super().request(
C:\InfinityWindow_QA\.venv\Lib\site-packages\httpx\_client.py:825: in request
    return self.send(request, auth=auth, follow_redirects=follow_redirects)
           ^^^^^^^^^^^^^^^^^^^^^^^^^^^^^^^^^^^^^^^^^^^^^^^^^^^^^^^^^^^^^^^^
C:\InfinityWindow_QA\.venv\Lib\site-packages\httpx\_client.py:914: in send
    response = self._send_handling_auth(
C:\InfinityWindow_QA\.venv\Lib\site-packages\httpx\_client.py:942: in _send_handling_auth
    response = self._send_handling_redirects(
C:\InfinityWindow_QA\.venv\Lib\site-packages\httpx\_client.py:979: in _send_handling_redirects
    response = self._send_single_request(request)
               ^^^^^^^^^^^^^^^^^^^^^^^^^^^^^^^^^^
C:\InfinityWindow_QA\.venv\Lib\site-packages\httpx\_client.py:1014: in _send_single_request
    response = transport.handle_request(request)
               ^^^^^^^^^^^^^^^^^^^^^^^^^^^^^^^^^
C:\InfinityWindow_QA\.venv\Lib\site-packages\starlette\testclient.py:348: in handle_request
    raise exc
C:\InfinityWindow_QA\.venv\Lib\site-packages\starlette\testclient.py:345: in handle_request
    portal.call(self.app, scope, receive, send)
C:\InfinityWindow_QA\.venv\Lib\site-packages\anyio\from_thread.py:326: in call
    return cast(T_Retval, self.start_task_soon(func, *args).result())
                          ^^^^^^^^^^^^^^^^^^^^^^^^^^^^^^^^^^^^^^^^^^
C:\Users\Windows 11\AppData\Local\Programs\Python\Python312\Lib\concurrent\futures\_base.py:456: in result
    return self.__get_result()
           ^^^^^^^^^^^^^^^^^^^
C:\Users\Windows 11\AppData\Local\Programs\Python\Python312\Lib\concurrent\futures\_base.py:401: in __get_result
    raise self._exception
C:\InfinityWindow_QA\.venv\Lib\site-packages\anyio\from_thread.py:257: in _call_func
    retval = await retval_or_awaitable
             ^^^^^^^^^^^^^^^^^^^^^^^^^
C:\InfinityWindow_QA\.venv\Lib\site-packages\fastapi\applications.py:1139: in __call__
    await super().__call__(scope, receive, send)
C:\InfinityWindow_QA\.venv\Lib\site-packages\starlette\applications.py:107: in __call__
    await self.middleware_stack(scope, receive, send)
C:\InfinityWindow_QA\.venv\Lib\site-packages\starlette\middleware\errors.py:186: in __call__
    raise exc
C:\InfinityWindow_QA\.venv\Lib\site-packages\starlette\middleware\errors.py:164: in __call__
    await self.app(scope, receive, _send)
C:\InfinityWindow_QA\.venv\Lib\site-packages\starlette\middleware\cors.py:85: in __call__
    await self.app(scope, receive, send)
C:\InfinityWindow_QA\.venv\Lib\site-packages\starlette\middleware\exceptions.py:63: in __call__
    await wrap_app_handling_exceptions(self.app, conn)(scope, receive, send)
C:\InfinityWindow_QA\.venv\Lib\site-packages\starlette\_exception_handler.py:53: in wrapped_app
    raise exc
C:\InfinityWindow_QA\.venv\Lib\site-packages\starlette\_exception_handler.py:42: in wrapped_app
    await app(scope, receive, sender)
C:\InfinityWindow_QA\.venv\Lib\site-packages\fastapi\middleware\asyncexitstack.py:18: in __call__
    await self.app(scope, receive, send)
C:\InfinityWindow_QA\.venv\Lib\site-packages\starlette\routing.py:716: in __call__
    await self.middleware_stack(scope, receive, send)
C:\InfinityWindow_QA\.venv\Lib\site-packages\starlette\routing.py:736: in app
    await route.handle(scope, receive, send)
C:\InfinityWindow_QA\.venv\Lib\site-packages\starlette\routing.py:290: in handle
    await self.app(scope, receive, send)
C:\InfinityWindow_QA\.venv\Lib\site-packages\fastapi\routing.py:119: in app
    await wrap_app_handling_exceptions(app, request)(scope, receive, send)
C:\InfinityWindow_QA\.venv\Lib\site-packages\starlette\_exception_handler.py:53: in wrapped_app
    raise exc
C:\InfinityWindow_QA\.venv\Lib\site-packages\starlette\_exception_handler.py:42: in wrapped_app
    await app(scope, receive, sender)
C:\InfinityWindow_QA\.venv\Lib\site-packages\fastapi\routing.py:105: in app
    response = await f(request)
               ^^^^^^^^^^^^^^^^
C:\InfinityWindow_QA\.venv\Lib\site-packages\fastapi\routing.py:385: in app
    raw_response = await run_endpoint_function(
C:\InfinityWindow_QA\.venv\Lib\site-packages\fastapi\routing.py:286: in run_endpoint_function
    return await run_in_threadpool(dependant.call, **values)
           ^^^^^^^^^^^^^^^^^^^^^^^^^^^^^^^^^^^^^^^^^^^^^^^^^
C:\InfinityWindow_QA\.venv\Lib\site-packages\starlette\concurrency.py:32: in run_in_threadpool
    return await anyio.to_thread.run_sync(func)
           ^^^^^^^^^^^^^^^^^^^^^^^^^^^^^^^^^^^^
C:\InfinityWindow_QA\.venv\Lib\site-packages\anyio\to_thread.py:61: in run_sync
    return await get_async_backend().run_sync_in_worker_thread(
C:\InfinityWindow_QA\.venv\Lib\site-packages\anyio\_backends\_asyncio.py:2525: in run_sync_in_worker_thread
    return await future
           ^^^^^^^^^^^^
C:\InfinityWindow_QA\.venv\Lib\site-packages\anyio\_backends\_asyncio.py:986: in run
    result = context.run(func, *args)
             ^^^^^^^^^^^^^^^^^^^^^^^^
C:\InfinityWindow_QA\backend\app\api\main.py:3534: in chat
    clean_reply_text, file_edit_requests = _extract_ai_file_edits(raw_reply_text)
                                           ^^^^^^^^^^^^^^^^^^^^^^^^^^^^^^^^^^^^^^
_ _ _ _ _ _ _ _ _ _ _ _ _ _ _ _ _ _ _ _ _ _ _ _ _ _ _ _ _ _ _ _ _ _ _ _ _ _ _ _

reply_text = {'cost_estimate': 0.0, 'model': 'stub-auto', 'reply': '[stub-auto-a08d7bf1]', 'tokens_in': 736, ...}

    def _extract_ai_file_edits(reply_text: str) -&gt; tuple[str, List[Dict[str, object]]]:
        """
        Look for zero or more AI file edit request blocks in the reply text.
    
        Blocks are delimited like:
    
            &lt;&lt;AI_FILE_EDIT&gt;&gt;
            {"file_path": "backend/app/api/main.py",
             "instruction": "Describe the change to make"}
            &lt;&lt;END_AI_FILE_EDIT&gt;&gt;
    
        Returns:
            (cleaned_reply_text, list_of_edit_dicts)
        """
        edits: List[Dict[str, object]] = []
        start_tag = "&lt;&lt;AI_FILE_EDIT&gt;&gt;"
        end_tag = "&lt;&lt;END_AI_FILE_EDIT&gt;&gt;"
    
        remaining = reply_text
        while True:
&gt;           start = remaining.find(start_tag)
                    ^^^^^^^^^^^^^^
E           AttributeError: 'dict' object has no attribute 'find'

C:\InfinityWindow_QA\backend\app\api\main.py:653: AttributeError</failure></testcase><testcase classname="test_api_chat_routing" name="test_chat_requires_message" time="0.297" /><testcase classname="test_api_projects" name="test_fs_path_traversal_blocked" time="0.362" /><testcase classname="test_api_projects" name="test_create_list_update_project" time="6.255" /><testcase classname="test_api_chat_routing" name="test_chat_modes_stubbed" time="6.075"><failure message="AttributeError: 'dict' object has no attribute 'find'">client = &lt;starlette.testclient.TestClient object at 0x00000273FCAFF2C0&gt;
project = {'description': 'QA autogenerated project', 'id': 22, 'instruction_text': None, 'instruction_updated_at': None, ...}

    def test_chat_modes_stubbed(client, project):
        """C-Chat-02: Chat returns stubbed replies for each mode."""
        for mode in ["auto", "fast", "deep", "budget", "research", "code"]:
&gt;           resp = client.post(
                "/chat",
                json={
                    "project_id": project["id"],
                    "mode": mode,
                    "message": f"ping {mode}",
                },
            )

C:\InfinityWindow_QA\qa\tests_api\test_api_chat_routing.py:9: 
_ _ _ _ _ _ _ _ _ _ _ _ _ _ _ _ _ _ _ _ _ _ _ _ _ _ _ _ _ _ _ _ _ _ _ _ _ _ _ _
C:\InfinityWindow_QA\.venv\Lib\site-packages\starlette\testclient.py:546: in post
    return super().post(
C:\InfinityWindow_QA\.venv\Lib\site-packages\httpx\_client.py:1144: in post
    return self.request(
C:\InfinityWindow_QA\.venv\Lib\site-packages\starlette\testclient.py:445: in request
    return super().request(
C:\InfinityWindow_QA\.venv\Lib\site-packages\httpx\_client.py:825: in request
    return self.send(request, auth=auth, follow_redirects=follow_redirects)
           ^^^^^^^^^^^^^^^^^^^^^^^^^^^^^^^^^^^^^^^^^^^^^^^^^^^^^^^^^^^^^^^^
C:\InfinityWindow_QA\.venv\Lib\site-packages\httpx\_client.py:914: in send
    response = self._send_handling_auth(
C:\InfinityWindow_QA\.venv\Lib\site-packages\httpx\_client.py:942: in _send_handling_auth
    response = self._send_handling_redirects(
C:\InfinityWindow_QA\.venv\Lib\site-packages\httpx\_client.py:979: in _send_handling_redirects
    response = self._send_single_request(request)
               ^^^^^^^^^^^^^^^^^^^^^^^^^^^^^^^^^^
C:\InfinityWindow_QA\.venv\Lib\site-packages\httpx\_client.py:1014: in _send_single_request
    response = transport.handle_request(request)
               ^^^^^^^^^^^^^^^^^^^^^^^^^^^^^^^^^
C:\InfinityWindow_QA\.venv\Lib\site-packages\starlette\testclient.py:348: in handle_request
    raise exc
C:\InfinityWindow_QA\.venv\Lib\site-packages\starlette\testclient.py:345: in handle_request
    portal.call(self.app, scope, receive, send)
C:\InfinityWindow_QA\.venv\Lib\site-packages\anyio\from_thread.py:326: in call
    return cast(T_Retval, self.start_task_soon(func, *args).result())
                          ^^^^^^^^^^^^^^^^^^^^^^^^^^^^^^^^^^^^^^^^^^
C:\Users\Windows 11\AppData\Local\Programs\Python\Python312\Lib\concurrent\futures\_base.py:456: in result
    return self.__get_result()
           ^^^^^^^^^^^^^^^^^^^
C:\Users\Windows 11\AppData\Local\Programs\Python\Python312\Lib\concurrent\futures\_base.py:401: in __get_result
    raise self._exception
C:\InfinityWindow_QA\.venv\Lib\site-packages\anyio\from_thread.py:257: in _call_func
    retval = await retval_or_awaitable
             ^^^^^^^^^^^^^^^^^^^^^^^^^
C:\InfinityWindow_QA\.venv\Lib\site-packages\fastapi\applications.py:1139: in __call__
    await super().__call__(scope, receive, send)
C:\InfinityWindow_QA\.venv\Lib\site-packages\starlette\applications.py:107: in __call__
    await self.middleware_stack(scope, receive, send)
C:\InfinityWindow_QA\.venv\Lib\site-packages\starlette\middleware\errors.py:186: in __call__
    raise exc
C:\InfinityWindow_QA\.venv\Lib\site-packages\starlette\middleware\errors.py:164: in __call__
    await self.app(scope, receive, _send)
C:\InfinityWindow_QA\.venv\Lib\site-packages\starlette\middleware\cors.py:85: in __call__
    await self.app(scope, receive, send)
C:\InfinityWindow_QA\.venv\Lib\site-packages\starlette\middleware\exceptions.py:63: in __call__
    await wrap_app_handling_exceptions(self.app, conn)(scope, receive, send)
C:\InfinityWindow_QA\.venv\Lib\site-packages\starlette\_exception_handler.py:53: in wrapped_app
    raise exc
C:\InfinityWindow_QA\.venv\Lib\site-packages\starlette\_exception_handler.py:42: in wrapped_app
    await app(scope, receive, sender)
C:\InfinityWindow_QA\.venv\Lib\site-packages\fastapi\middleware\asyncexitstack.py:18: in __call__
    await self.app(scope, receive, send)
C:\InfinityWindow_QA\.venv\Lib\site-packages\starlette\routing.py:716: in __call__
    await self.middleware_stack(scope, receive, send)
C:\InfinityWindow_QA\.venv\Lib\site-packages\starlette\routing.py:736: in app
    await route.handle(scope, receive, send)
C:\InfinityWindow_QA\.venv\Lib\site-packages\starlette\routing.py:290: in handle
    await self.app(scope, receive, send)
C:\InfinityWindow_QA\.venv\Lib\site-packages\fastapi\routing.py:119: in app
    await wrap_app_handling_exceptions(app, request)(scope, receive, send)
C:\InfinityWindow_QA\.venv\Lib\site-packages\starlette\_exception_handler.py:53: in wrapped_app
    raise exc
C:\InfinityWindow_QA\.venv\Lib\site-packages\starlette\_exception_handler.py:42: in wrapped_app
    await app(scope, receive, sender)
C:\InfinityWindow_QA\.venv\Lib\site-packages\fastapi\routing.py:105: in app
    response = await f(request)
               ^^^^^^^^^^^^^^^^
C:\InfinityWindow_QA\.venv\Lib\site-packages\fastapi\routing.py:385: in app
    raw_response = await run_endpoint_function(
C:\InfinityWindow_QA\.venv\Lib\site-packages\fastapi\routing.py:286: in run_endpoint_function
    return await run_in_threadpool(dependant.call, **values)
           ^^^^^^^^^^^^^^^^^^^^^^^^^^^^^^^^^^^^^^^^^^^^^^^^^
C:\InfinityWindow_QA\.venv\Lib\site-packages\starlette\concurrency.py:32: in run_in_threadpool
    return await anyio.to_thread.run_sync(func)
           ^^^^^^^^^^^^^^^^^^^^^^^^^^^^^^^^^^^^
C:\InfinityWindow_QA\.venv\Lib\site-packages\anyio\to_thread.py:61: in run_sync
    return await get_async_backend().run_sync_in_worker_thread(
C:\InfinityWindow_QA\.venv\Lib\site-packages\anyio\_backends\_asyncio.py:2525: in run_sync_in_worker_thread
    return await future
           ^^^^^^^^^^^^
C:\InfinityWindow_QA\.venv\Lib\site-packages\anyio\_backends\_asyncio.py:986: in run
    result = context.run(func, *args)
             ^^^^^^^^^^^^^^^^^^^^^^^^
C:\InfinityWindow_QA\backend\app\api\main.py:3534: in chat
    clean_reply_text, file_edit_requests = _extract_ai_file_edits(raw_reply_text)
                                           ^^^^^^^^^^^^^^^^^^^^^^^^^^^^^^^^^^^^^^
_ _ _ _ _ _ _ _ _ _ _ _ _ _ _ _ _ _ _ _ _ _ _ _ _ _ _ _ _ _ _ _ _ _ _ _ _ _ _ _

reply_text = {'cost_estimate': 0.0, 'model': 'stub-auto', 'reply': '[stub-auto-0984e35b]', 'tokens_in': 737, ...}

    def _extract_ai_file_edits(reply_text: str) -&gt; tuple[str, List[Dict[str, object]]]:
        """
        Look for zero or more AI file edit request blocks in the reply text.
    
        Blocks are delimited like:
    
            &lt;&lt;AI_FILE_EDIT&gt;&gt;
            {"file_path": "backend/app/api/main.py",
             "instruction": "Describe the change to make"}
            &lt;&lt;END_AI_FILE_EDIT&gt;&gt;
    
        Returns:
            (cleaned_reply_text, list_of_edit_dicts)
        """
        edits: List[Dict[str, object]] = []
        start_tag = "&lt;&lt;AI_FILE_EDIT&gt;&gt;"
        end_tag = "&lt;&lt;END_AI_FILE_EDIT&gt;&gt;"
    
        remaining = reply_text
        while True:
&gt;           start = remaining.find(start_tag)
                    ^^^^^^^^^^^^^^
E           AttributeError: 'dict' object has no attribute 'find'

C:\InfinityWindow_QA\backend\app\api\main.py:653: AttributeError</failure></testcase><testcase classname="test_search" name="test_search_docs_validation" time="5.847" /><testcase classname="test_security" name="test_fs_write_traversal_blocked" time="6.207" /><testcase classname="test_security" name="test_terminal_injection_rejected" time="0.061"><skipped type="pytest.xfail" message="Terminal endpoint currently runs raw shell commands (no guard)" /></testcase></testsuite></testsuites>