<?xml version="1.0" encoding="utf-8"?><testsuites name="pytest tests"><testsuite name="pytest" errors="0" failures="1" skipped="2" tests="13" time="32.107" timestamp="2025-12-05T11:33:08.466075-06:00" hostname="DESKTOP-CJV735V"><testcase classname="test_api_projects" name="test_project_validation_requires_name" time="0.015"><skipped type="pytest.xfail" message="Backend currently allows empty project names (returns 200)." /></testcase><testcase classname="test_ingestion_e2e" name="test_basic_ingestion_happy_path" time="17.333" /><testcase classname="test_api_projects" name="test_fs_path_traversal_blocked" time="0.299" /><testcase classname="test_api_chat_routing" name="test_chat_conversation_reuse" time="4.874" /><testcase classname="test_search" name="test_search_requires_existing_project" time="0.314" /><testcase classname="test_api_chat_routing" name="test_chat_requires_message" time="0.298" /><testcase classname="test_api_chat_routing" name="test_chat_modes_stubbed" time="14.784" /><testcase classname="test_api_projects" name="test_create_list_update_project" time="4.887" /><testcase classname="test_security" name="test_safe_join_blocks_parent_segments" time="1.166"><failure message="hypothesis.errors.FailedHealthCheck: Input generation is slow: Hypothesis only generated 0 valid inputs after 1.04 seconds (11 invalid inputs).&#10;&#10;             count | fraction |    slowest draws (seconds)&#10;  bad_path |   11  |    100%  |   0.001,  0.001,  0.001,  0.002,  1.031&#10;&#10;This could be for a few reasons:&#10;1. This strategy could be generating too much data per input. Try decreasing the amount of data generated, for example by decreasing the minimum size of collection strategies like st.lists().&#10;2. Some other expensive computation could be running during input generation. For example, if @st.composite or st.data() is interspersed with an expensive computation, HealthCheck.too_slow is likely to trigger. If this computation is unrelated to input generation, move it elsewhere. Otherwise, try making it more efficient, or disable this health check if that is not possible.&#10;&#10;If you expect input generation to take this long, you can disable this health check with @settings(suppress_health_check=[HealthCheck.too_slow]). See https://hypothesis.readthedocs.io/en/latest/reference/api.html#hypothesis.HealthCheck for details.">@settings(suppress_health_check=[HealthCheck.filter_too_much], max_examples=30)
&gt;   @given(st.text().filter(lambda s: ".." in s))
                   ^^^
E   hypothesis.errors.FailedHealthCheck: Input generation is slow: Hypothesis only generated 0 valid inputs after 1.04 seconds (11 invalid inputs).
E   
E                count | fraction |    slowest draws (seconds)
E     bad_path |   11  |    100%  |   0.001,  0.001,  0.001,  0.002,  1.031
E   
E   This could be for a few reasons:
E   1. This strategy could be generating too much data per input. Try decreasing the amount of data generated, for example by decreasing the minimum size of collection strategies like st.lists().
E   2. Some other expensive computation could be running during input generation. For example, if @st.composite or st.data() is interspersed with an expensive computation, HealthCheck.too_slow is likely to trigger. If this computation is unrelated to input generation, move it elsewhere. Otherwise, try making it more efficient, or disable this health check if that is not possible.
E   
E   If you expect input generation to take this long, you can disable this health check with @settings(suppress_health_check=[HealthCheck.too_slow]). See https://hypothesis.readthedocs.io/en/latest/reference/api.html#hypothesis.HealthCheck for details.

C:\InfinityWindow_QA\qa\tests_api\test_security.py:15: FailedHealthCheck</failure></testcase><testcase classname="test_security" name="test_terminal_injection_rejected" time="0.048"><skipped type="pytest.xfail" message="Terminal endpoint currently runs raw shell commands (no guard)" /></testcase><testcase classname="test_security" name="test_fs_write_traversal_blocked" time="8.256" /><testcase classname="test_search" name="test_search_docs_validation" time="16.561" /><testcase classname="test_search" name="test_search_messages_empty_ok" time="2.449" /></testsuite></testsuites>