<?xml version="1.0" encoding="utf-8"?><testsuites name="pytest tests"><testsuite name="pytest" errors="0" failures="0" skipped="2" tests="13" time="28.798" timestamp="2025-12-05T11:34:00.811550-06:00" hostname="DESKTOP-CJV735V"><testcase classname="test_api_projects" name="test_project_validation_requires_name" time="0.012"><skipped type="pytest.xfail" message="Backend currently allows empty project names (returns 200)." /></testcase><testcase classname="test_ingestion_e2e" name="test_basic_ingestion_happy_path" time="13.585" /><testcase classname="test_api_chat_routing" name="test_chat_modes_stubbed" time="7.231" /><testcase classname="test_search" name="test_search_requires_existing_project" time="0.226" /><testcase classname="test_api_chat_routing" name="test_chat_conversation_reuse" time="10.934" /><testcase classname="test_api_projects" name="test_fs_path_traversal_blocked" time="0.348" /><testcase classname="test_api_chat_routing" name="test_chat_requires_message" time="0.297" /><testcase classname="test_api_projects" name="test_create_list_update_project" time="3.001" /><testcase classname="test_search" name="test_search_docs_validation" time="2.688" /><testcase classname="test_security" name="test_fs_write_traversal_blocked" time="4.676" /><testcase classname="test_security" name="test_terminal_injection_rejected" time="2.706"><skipped type="pytest.xfail" message="Terminal endpoint currently runs raw shell commands (no guard)" /></testcase><testcase classname="test_security" name="test_safe_join_blocks_parent_segments" time="0.004" /><testcase classname="test_search" name="test_search_messages_empty_ok" time="4.127" /></testsuite></testsuites>