<?xml version="1.0" encoding="utf-8"?><testsuites name="pytest tests"><testsuite name="pytest" errors="0" failures="1" skipped="2" tests="13" time="30.214" timestamp="2025-12-05T11:32:19.821108-06:00" hostname="DESKTOP-CJV735V"><testcase classname="test_api_projects" name="test_project_validation_requires_name" time="0.012"><skipped type="pytest.xfail" message="Backend currently allows empty project names (returns 200)." /></testcase><testcase classname="test_ingestion_e2e" name="test_basic_ingestion_happy_path" time="15.055" /><testcase classname="test_search" name="test_search_requires_existing_project" time="0.238" /><testcase classname="test_api_chat_routing" name="test_chat_conversation_reuse" time="4.836" /><testcase classname="test_api_projects" name="test_create_list_update_project" time="4.859" /><testcase classname="test_api_chat_routing" name="test_chat_requires_message" time="0.248" /><testcase classname="test_api_chat_routing" name="test_chat_modes_stubbed" time="12.521" /><testcase classname="test_api_projects" name="test_fs_path_traversal_blocked" time="0.306" /><testcase classname="test_security" name="test_safe_join_blocks_parent_segments" time="5.185"><failure message="hypothesis.errors.FailedHealthCheck: It looks like this test is filtering out a lot of inputs. 0 inputs were generated successfully, while 50 inputs were filtered out. &#10;&#10;An input might be filtered out by calls to assume(), strategy.filter(...), or occasionally by Hypothesis internals.&#10;&#10;Applying this much filtering makes input generation slow, since Hypothesis must discard inputs which are filtered out and try generating it again. It is also possible that applying this much filtering will distort the domain and/or distribution of the test, leaving your testing less rigorous than expected.&#10;&#10;If you expect this many inputs to be filtered out during generation, you can disable this health check with @settings(suppress_health_check=[HealthCheck.filter_too_much]). See https://hypothesis.readthedocs.io/en/latest/reference/api.html#hypothesis.HealthCheck for details.">@given(st.text().filter(lambda s: ".." in s))
&gt;   def test_safe_join_blocks_parent_segments(bad_path: str):
                   ^^^
E   hypothesis.errors.FailedHealthCheck: It looks like this test is filtering out a lot of inputs. 0 inputs were generated successfully, while 50 inputs were filtered out. 
E   
E   An input might be filtered out by calls to assume(), strategy.filter(...), or occasionally by Hypothesis internals.
E   
E   Applying this much filtering makes input generation slow, since Hypothesis must discard inputs which are filtered out and try generating it again. It is also possible that applying this much filtering will distort the domain and/or distribution of the test, leaving your testing less rigorous than expected.
E   
E   If you expect this many inputs to be filtered out during generation, you can disable this health check with @settings(suppress_health_check=[HealthCheck.filter_too_much]). See https://hypothesis.readthedocs.io/en/latest/reference/api.html#hypothesis.HealthCheck for details.

C:\InfinityWindow_QA\qa\tests_api\test_security.py:15: FailedHealthCheck</failure></testcase><testcase classname="test_search" name="test_search_docs_validation" time="4.613" /><testcase classname="test_security" name="test_fs_write_traversal_blocked" time="7.556" /><testcase classname="test_security" name="test_terminal_injection_rejected" time="4.220"><skipped type="pytest.xfail" message="Terminal endpoint currently runs raw shell commands (no guard)" /></testcase><testcase classname="test_search" name="test_search_messages_empty_ok" time="2.439" /></testsuite></testsuites>