<?xml version="1.0" encoding="utf-8"?><testsuites name="pytest tests"><testsuite name="pytest" errors="1" failures="0" skipped="0" tests="1" time="7.714" timestamp="2025-12-05T09:01:44.348385-06:00" hostname="DESKTOP-CJV735V"><testcase classname="" name="iw_test_plan.15_pytest_skeletons.test_api_chat_routing" time="0.000"><error message="collection failure">ImportError while importing test module 'C:\InfinityWindow_QA\iw_test_plan\15_pytest_skeletons\test_api_chat_routing.py'.
Hint: make sure your test modules/packages have valid Python names.
Traceback:
C:\Users\Windows 11\AppData\Local\Programs\Python\Python312\Lib\importlib\__init__.py:90: in import_module
    return _bootstrap._gcd_import(name[level:], package, level)
           ^^^^^^^^^^^^^^^^^^^^^^^^^^^^^^^^^^^^^^^^^^^^^^^^^^^^
iw_test_plan\15_pytest_skeletons\test_api_chat_routing.py:3: in &lt;module&gt;
    from app.main import app
E   ModuleNotFoundError: No module named 'app'</error></testcase></testsuite></testsuites>