<?xml version="1.0" encoding="utf-8"?><testsuites name="pytest tests"><testsuite name="pytest" errors="0" failures="0" skipped="2" tests="15" time="32.687" timestamp="2025-12-05T12:28:04.929947-06:00" hostname="DESKTOP-CJV735V"><testcase classname="test_api_projects" name="test_project_validation_requires_name" time="0.012"><skipped type="pytest.xfail" message="Backend currently allows empty project names (returns 200)." /></testcase><testcase classname="test_ingestion_e2e" name="test_basic_ingestion_happy_path" time="17.640" /><testcase classname="test_api_chat_routing" name="test_chat_modes_stubbed" time="7.359" /><testcase classname="test_api_projects" name="test_fs_path_traversal_blocked" time="0.357" /><testcase classname="test_api_chat_routing" name="test_chat_requires_message" time="0.275" /><testcase classname="test_api_projects" name="test_create_list_update_project" time="12.185" /><testcase classname="test_api_chat_routing" name="test_chat_conversation_reuse" time="12.019" /><testcase classname="test_security" name="test_terminal_injection_rejected" time="4.435"><skipped type="pytest.xfail" message="Terminal endpoint currently runs raw shell commands (no guard)" /></testcase><testcase classname="test_security" name="test_notes_xss_sanitized" time="4.717" /><testcase classname="test_search" name="test_search_docs_validation" time="5.205" /><testcase classname="test_search" name="test_search_requires_existing_project" time="5.498" /><testcase classname="test_security" name="test_safe_join_blocks_parent_segments" time="0.004" /><testcase classname="test_search" name="test_search_messages_empty_ok" time="5.490" /><testcase classname="test_security" name="test_prompt_injection_refused" time="2.685" /><testcase classname="test_security" name="test_fs_write_traversal_blocked" time="0.033" /></testsuite></testsuites>